This is pdfTeX, Version 3.14159265-2.6-1.40.21 (MiKTeX 20.11) (preloaded format=pdflatex 2020.12.16)  17 MAR 2022 21:49
entering extended mode
**./0_portfolio.tex
(0_portfolio.tex
LaTeX2e <2020-10-01> patch level 2
L3 programming layer <2020-10-27> xparse <2020-03-03>
(C:\Users\stigm\AppData\Local\Programs\MiKTeX\tex/latex/base\article.cls
Document Class: article 2020/04/10 v1.4m Standard LaTeX document class
(C:\Users\stigm\AppData\Local\Programs\MiKTeX\tex/latex/base\size12.clo
File: size12.clo 2020/04/10 v1.4m Standard LaTeX file (size option)
)
\c@part=\count175
\c@section=\count176
\c@subsection=\count177
\c@subsubsection=\count178
\c@paragraph=\count179
\c@subparagraph=\count180
\c@figure=\count181
\c@table=\count182
\abovecaptionskip=\skip47
\belowcaptionskip=\skip48
\bibindent=\dimen138
)
(C:\Users\stigm\AppData\Local\Programs\MiKTeX\tex/latex/geometry\geometry.sty
Package: geometry 2020/01/02 v5.9 Page Geometry

(C:\Users\stigm\AppData\Local\Programs\MiKTeX\tex/latex/graphics\keyval.sty
Package: keyval 2014/10/28 v1.15 key=value parser (DPC)
\KV@toks@=\toks15
)
(C:\Users\stigm\AppData\Local\Programs\MiKTeX\tex/generic/iftex\ifvtex.sty
Package: ifvtex 2019/10/25 v1.7 ifvtex legacy package. Use iftex instead.

(C:\Users\stigm\AppData\Local\Programs\MiKTeX\tex/generic/iftex\iftex.sty
Package: iftex 2020/03/06 v1.0d TeX engine tests
))
\Gm@cnth=\count183
\Gm@cntv=\count184
\c@Gm@tempcnt=\count185
\Gm@bindingoffset=\dimen139
\Gm@wd@mp=\dimen140
\Gm@odd@mp=\dimen141
\Gm@even@mp=\dimen142
\Gm@layoutwidth=\dimen143
\Gm@layoutheight=\dimen144
\Gm@layouthoffset=\dimen145
\Gm@layoutvoffset=\dimen146
\Gm@dimlist=\toks16

(C:\Users\stigm\AppData\Local\Programs\MiKTeX\tex/latex/geometry\geometry.cfg))
(C:\Users\stigm\AppData\Local\Programs\MiKTeX\tex/latex/graphics\graphicx.sty
Package: graphicx 2020/09/09 v1.2b Enhanced LaTeX Graphics (DPC,SPQR)

(C:\Users\stigm\AppData\Local\Programs\MiKTeX\tex/latex/graphics\graphics.sty
Package: graphics 2020/08/30 v1.4c Standard LaTeX Graphics (DPC,SPQR)

(C:\Users\stigm\AppData\Local\Programs\MiKTeX\tex/latex/graphics\trig.sty
Package: trig 2016/01/03 v1.10 sin cos tan (DPC)
)
(C:\Users\stigm\AppData\Local\Programs\MiKTeX\tex/latex/graphics-cfg\graphics.c
fg
File: graphics.cfg 2016/06/04 v1.11 sample graphics configuration
)
Package graphics Info: Driver file: pdftex.def on input line 105.

(C:\Users\stigm\AppData\Local\Programs\MiKTeX\tex/latex/graphics-def\pdftex.def
File: pdftex.def 2020/10/05 v1.2a Graphics/color driver for pdftex
))
\Gin@req@height=\dimen147
\Gin@req@width=\dimen148
)
(C:\Users\stigm\AppData\Local\Programs\MiKTeX\tex/latex/background\background.s
ty
Package: background 2014/03/04 v2.1 background material
 (C:\Users\stigm\AppData\Local\Programs\MiKTeX\tex/latex/xkeyval\xkeyval.sty
Package: xkeyval 2014/12/03 v2.7a package option processing (HA)

(C:\Users\stigm\AppData\Local\Programs\MiKTeX\tex/generic/xkeyval\xkeyval.tex
(C:\Users\stigm\AppData\Local\Programs\MiKTeX\tex/generic/xkeyval\xkvutils.tex
\XKV@toks=\toks17
\XKV@tempa@toks=\toks18
)
\XKV@depth=\count186
File: xkeyval.tex 2014/12/03 v2.7a key=value parser (HA)
))
(C:\Users\stigm\AppData\Local\Programs\MiKTeX\tex/latex/pgf/frontendlayer\tikz.
sty
(C:\Users\stigm\AppData\Local\Programs\MiKTeX\tex/latex/pgf/basiclayer\pgf.sty
(C:\Users\stigm\AppData\Local\Programs\MiKTeX\tex/latex/pgf/utilities\pgfrcs.st
y
(C:\Users\stigm\AppData\Local\Programs\MiKTeX\tex/generic/pgf/utilities\pgfutil
-common.tex
\pgfutil@everybye=\toks19
\pgfutil@tempdima=\dimen149
\pgfutil@tempdimb=\dimen150

(C:\Users\stigm\AppData\Local\Programs\MiKTeX\tex/generic/pgf/utilities\pgfutil
-common-lists.tex))
(C:\Users\stigm\AppData\Local\Programs\MiKTeX\tex/generic/pgf/utilities\pgfutil
-latex.def
\pgfutil@abb=\box47
)
(C:\Users\stigm\AppData\Local\Programs\MiKTeX\tex/generic/pgf/utilities\pgfrcs.
code.tex
(C:\Users\stigm\AppData\Local\Programs\MiKTeX\tex/generic/pgf\pgf.revision.tex)
Package: pgfrcs 2020/10/01 v3.1.6a (3.1.6a)
))
Package: pgf 2020/10/01 v3.1.6a (3.1.6a)

(C:\Users\stigm\AppData\Local\Programs\MiKTeX\tex/latex/pgf/basiclayer\pgfcore.
sty
(C:\Users\stigm\AppData\Local\Programs\MiKTeX\tex/latex/pgf/systemlayer\pgfsys.
sty
(C:\Users\stigm\AppData\Local\Programs\MiKTeX\tex/generic/pgf/systemlayer\pgfsy
s.code.tex
Package: pgfsys 2020/10/01 v3.1.6a (3.1.6a)

(C:\Users\stigm\AppData\Local\Programs\MiKTeX\tex/generic/pgf/utilities\pgfkeys
.code.tex
\pgfkeys@pathtoks=\toks20
\pgfkeys@temptoks=\toks21

(C:\Users\stigm\AppData\Local\Programs\MiKTeX\tex/generic/pgf/utilities\pgfkeys
filtered.code.tex
\pgfkeys@tmptoks=\toks22
))
\pgf@x=\dimen151
\pgf@y=\dimen152
\pgf@xa=\dimen153
\pgf@ya=\dimen154
\pgf@xb=\dimen155
\pgf@yb=\dimen156
\pgf@xc=\dimen157
\pgf@yc=\dimen158
\pgf@xd=\dimen159
\pgf@yd=\dimen160
\w@pgf@writea=\write3
\r@pgf@reada=\read2
\c@pgf@counta=\count187
\c@pgf@countb=\count188
\c@pgf@countc=\count189
\c@pgf@countd=\count190
\t@pgf@toka=\toks23
\t@pgf@tokb=\toks24
\t@pgf@tokc=\toks25
\pgf@sys@id@count=\count191

(C:\Users\stigm\AppData\Local\Programs\MiKTeX\tex/generic/pgf/systemlayer\pgf.c
fg
File: pgf.cfg 2020/10/01 v3.1.6a (3.1.6a)
)
Driver file for pgf: pgfsys-pdftex.def

(C:\Users\stigm\AppData\Local\Programs\MiKTeX\tex/generic/pgf/systemlayer\pgfsy
s-pdftex.def
File: pgfsys-pdftex.def 2020/10/01 v3.1.6a (3.1.6a)

(C:\Users\stigm\AppData\Local\Programs\MiKTeX\tex/generic/pgf/systemlayer\pgfsy
s-common-pdf.def
File: pgfsys-common-pdf.def 2020/10/01 v3.1.6a (3.1.6a)
)))
(C:\Users\stigm\AppData\Local\Programs\MiKTeX\tex/generic/pgf/systemlayer\pgfsy
ssoftpath.code.tex
File: pgfsyssoftpath.code.tex 2020/10/01 v3.1.6a (3.1.6a)
\pgfsyssoftpath@smallbuffer@items=\count192
\pgfsyssoftpath@bigbuffer@items=\count193
)
(C:\Users\stigm\AppData\Local\Programs\MiKTeX\tex/generic/pgf/systemlayer\pgfsy
sprotocol.code.tex
File: pgfsysprotocol.code.tex 2020/10/01 v3.1.6a (3.1.6a)
))
(C:\Users\stigm\AppData\Local\Programs\MiKTeX\tex/latex/xcolor\xcolor.sty
Package: xcolor 2016/05/11 v2.12 LaTeX color extensions (UK)

(C:\Users\stigm\AppData\Local\Programs\MiKTeX\tex/latex/graphics-cfg\color.cfg
File: color.cfg 2016/01/02 v1.6 sample color configuration
)
Package xcolor Info: Driver file: pdftex.def on input line 225.
Package xcolor Info: Model `cmy' substituted by `cmy0' on input line 1348.
Package xcolor Info: Model `hsb' substituted by `rgb' on input line 1352.
Package xcolor Info: Model `RGB' extended on input line 1364.
Package xcolor Info: Model `HTML' substituted by `rgb' on input line 1366.
Package xcolor Info: Model `Hsb' substituted by `hsb' on input line 1367.
Package xcolor Info: Model `tHsb' substituted by `hsb' on input line 1368.
Package xcolor Info: Model `HSB' substituted by `hsb' on input line 1369.
Package xcolor Info: Model `Gray' substituted by `gray' on input line 1370.
Package xcolor Info: Model `wave' substituted by `hsb' on input line 1371.
)
(C:\Users\stigm\AppData\Local\Programs\MiKTeX\tex/generic/pgf/basiclayer\pgfcor
e.code.tex
Package: pgfcore 2020/10/01 v3.1.6a (3.1.6a)

(C:\Users\stigm\AppData\Local\Programs\MiKTeX\tex/generic/pgf/math\pgfmath.code
.tex
(C:\Users\stigm\AppData\Local\Programs\MiKTeX\tex/generic/pgf/math\pgfmathcalc.
code.tex
(C:\Users\stigm\AppData\Local\Programs\MiKTeX\tex/generic/pgf/math\pgfmathutil.
code.tex)
(C:\Users\stigm\AppData\Local\Programs\MiKTeX\tex/generic/pgf/math\pgfmathparse
r.code.tex
\pgfmath@dimen=\dimen161
\pgfmath@count=\count194
\pgfmath@box=\box48
\pgfmath@toks=\toks26
\pgfmath@stack@operand=\toks27
\pgfmath@stack@operation=\toks28
)
(C:\Users\stigm\AppData\Local\Programs\MiKTeX\tex/generic/pgf/math\pgfmathfunct
ions.code.tex
(C:\Users\stigm\AppData\Local\Programs\MiKTeX\tex/generic/pgf/math\pgfmathfunct
ions.basic.code.tex)
(C:\Users\stigm\AppData\Local\Programs\MiKTeX\tex/generic/pgf/math\pgfmathfunct
ions.trigonometric.code.tex)
(C:\Users\stigm\AppData\Local\Programs\MiKTeX\tex/generic/pgf/math\pgfmathfunct
ions.random.code.tex)
(C:\Users\stigm\AppData\Local\Programs\MiKTeX\tex/generic/pgf/math\pgfmathfunct
ions.comparison.code.tex)
(C:\Users\stigm\AppData\Local\Programs\MiKTeX\tex/generic/pgf/math\pgfmathfunct
ions.base.code.tex)
(C:\Users\stigm\AppData\Local\Programs\MiKTeX\tex/generic/pgf/math\pgfmathfunct
ions.round.code.tex)
(C:\Users\stigm\AppData\Local\Programs\MiKTeX\tex/generic/pgf/math\pgfmathfunct
ions.misc.code.tex)
(C:\Users\stigm\AppData\Local\Programs\MiKTeX\tex/generic/pgf/math\pgfmathfunct
ions.integerarithmetics.code.tex)))
(C:\Users\stigm\AppData\Local\Programs\MiKTeX\tex/generic/pgf/math\pgfmathfloat
.code.tex
\c@pgfmathroundto@lastzeros=\count195
))
(C:\Users\stigm\AppData\Local\Programs\MiKTeX\tex/generic/pgf/math\pgfint.code.
tex)
(C:\Users\stigm\AppData\Local\Programs\MiKTeX\tex/generic/pgf/basiclayer\pgfcor
epoints.code.tex
File: pgfcorepoints.code.tex 2020/10/01 v3.1.6a (3.1.6a)
\pgf@picminx=\dimen162
\pgf@picmaxx=\dimen163
\pgf@picminy=\dimen164
\pgf@picmaxy=\dimen165
\pgf@pathminx=\dimen166
\pgf@pathmaxx=\dimen167
\pgf@pathminy=\dimen168
\pgf@pathmaxy=\dimen169
\pgf@xx=\dimen170
\pgf@xy=\dimen171
\pgf@yx=\dimen172
\pgf@yy=\dimen173
\pgf@zx=\dimen174
\pgf@zy=\dimen175
)
(C:\Users\stigm\AppData\Local\Programs\MiKTeX\tex/generic/pgf/basiclayer\pgfcor
epathconstruct.code.tex
File: pgfcorepathconstruct.code.tex 2020/10/01 v3.1.6a (3.1.6a)
\pgf@path@lastx=\dimen176
\pgf@path@lasty=\dimen177
)
(C:\Users\stigm\AppData\Local\Programs\MiKTeX\tex/generic/pgf/basiclayer\pgfcor
epathusage.code.tex
File: pgfcorepathusage.code.tex 2020/10/01 v3.1.6a (3.1.6a)
\pgf@shorten@end@additional=\dimen178
\pgf@shorten@start@additional=\dimen179
)
(C:\Users\stigm\AppData\Local\Programs\MiKTeX\tex/generic/pgf/basiclayer\pgfcor
escopes.code.tex
File: pgfcorescopes.code.tex 2020/10/01 v3.1.6a (3.1.6a)
\pgfpic=\box49
\pgf@hbox=\box50
\pgf@layerbox@main=\box51
\pgf@picture@serial@count=\count196
)
(C:\Users\stigm\AppData\Local\Programs\MiKTeX\tex/generic/pgf/basiclayer\pgfcor
egraphicstate.code.tex
File: pgfcoregraphicstate.code.tex 2020/10/01 v3.1.6a (3.1.6a)
\pgflinewidth=\dimen180
)
(C:\Users\stigm\AppData\Local\Programs\MiKTeX\tex/generic/pgf/basiclayer\pgfcor
etransformations.code.tex
File: pgfcoretransformations.code.tex 2020/10/01 v3.1.6a (3.1.6a)
\pgf@pt@x=\dimen181
\pgf@pt@y=\dimen182
\pgf@pt@temp=\dimen183
)
(C:\Users\stigm\AppData\Local\Programs\MiKTeX\tex/generic/pgf/basiclayer\pgfcor
equick.code.tex
File: pgfcorequick.code.tex 2020/10/01 v3.1.6a (3.1.6a)
)
(C:\Users\stigm\AppData\Local\Programs\MiKTeX\tex/generic/pgf/basiclayer\pgfcor
eobjects.code.tex
File: pgfcoreobjects.code.tex 2020/10/01 v3.1.6a (3.1.6a)
)
(C:\Users\stigm\AppData\Local\Programs\MiKTeX\tex/generic/pgf/basiclayer\pgfcor
epathprocessing.code.tex
File: pgfcorepathprocessing.code.tex 2020/10/01 v3.1.6a (3.1.6a)
)
(C:\Users\stigm\AppData\Local\Programs\MiKTeX\tex/generic/pgf/basiclayer\pgfcor
earrows.code.tex
File: pgfcorearrows.code.tex 2020/10/01 v3.1.6a (3.1.6a)
\pgfarrowsep=\dimen184
)
(C:\Users\stigm\AppData\Local\Programs\MiKTeX\tex/generic/pgf/basiclayer\pgfcor
eshade.code.tex
File: pgfcoreshade.code.tex 2020/10/01 v3.1.6a (3.1.6a)
\pgf@max=\dimen185
\pgf@sys@shading@range@num=\count197
\pgf@shadingcount=\count198
)
(C:\Users\stigm\AppData\Local\Programs\MiKTeX\tex/generic/pgf/basiclayer\pgfcor
eimage.code.tex
File: pgfcoreimage.code.tex 2020/10/01 v3.1.6a (3.1.6a)

(C:\Users\stigm\AppData\Local\Programs\MiKTeX\tex/generic/pgf/basiclayer\pgfcor
eexternal.code.tex
File: pgfcoreexternal.code.tex 2020/10/01 v3.1.6a (3.1.6a)
\pgfexternal@startupbox=\box52
))
(C:\Users\stigm\AppData\Local\Programs\MiKTeX\tex/generic/pgf/basiclayer\pgfcor
elayers.code.tex
File: pgfcorelayers.code.tex 2020/10/01 v3.1.6a (3.1.6a)
)
(C:\Users\stigm\AppData\Local\Programs\MiKTeX\tex/generic/pgf/basiclayer\pgfcor
etransparency.code.tex
File: pgfcoretransparency.code.tex 2020/10/01 v3.1.6a (3.1.6a)
)
(C:\Users\stigm\AppData\Local\Programs\MiKTeX\tex/generic/pgf/basiclayer\pgfcor
epatterns.code.tex
File: pgfcorepatterns.code.tex 2020/10/01 v3.1.6a (3.1.6a)
)
(C:\Users\stigm\AppData\Local\Programs\MiKTeX\tex/generic/pgf/basiclayer\pgfcor
erdf.code.tex
File: pgfcorerdf.code.tex 2020/10/01 v3.1.6a (3.1.6a)
)))
(C:\Users\stigm\AppData\Local\Programs\MiKTeX\tex/generic/pgf/modules\pgfmodule
shapes.code.tex
File: pgfmoduleshapes.code.tex 2020/10/01 v3.1.6a (3.1.6a)
\pgfnodeparttextbox=\box53
)
(C:\Users\stigm\AppData\Local\Programs\MiKTeX\tex/generic/pgf/modules\pgfmodule
plot.code.tex
File: pgfmoduleplot.code.tex 2020/10/01 v3.1.6a (3.1.6a)
)
(C:\Users\stigm\AppData\Local\Programs\MiKTeX\tex/latex/pgf/compatibility\pgfco
mp-version-0-65.sty
Package: pgfcomp-version-0-65 2020/10/01 v3.1.6a (3.1.6a)
\pgf@nodesepstart=\dimen186
\pgf@nodesepend=\dimen187
)
(C:\Users\stigm\AppData\Local\Programs\MiKTeX\tex/latex/pgf/compatibility\pgfco
mp-version-1-18.sty
Package: pgfcomp-version-1-18 2020/10/01 v3.1.6a (3.1.6a)
))
(C:\Users\stigm\AppData\Local\Programs\MiKTeX\tex/latex/pgf/utilities\pgffor.st
y
(C:\Users\stigm\AppData\Local\Programs\MiKTeX\tex/latex/pgf/utilities\pgfkeys.s
ty
(C:\Users\stigm\AppData\Local\Programs\MiKTeX\tex/generic/pgf/utilities\pgfkeys
.code.tex))
(C:\Users\stigm\AppData\Local\Programs\MiKTeX\tex/latex/pgf/math\pgfmath.sty
(C:\Users\stigm\AppData\Local\Programs\MiKTeX\tex/generic/pgf/math\pgfmath.code
.tex))
(C:\Users\stigm\AppData\Local\Programs\MiKTeX\tex/generic/pgf/utilities\pgffor.
code.tex
Package: pgffor 2020/10/01 v3.1.6a (3.1.6a)

(C:\Users\stigm\AppData\Local\Programs\MiKTeX\tex/generic/pgf/math\pgfmath.code
.tex)
\pgffor@iter=\dimen188
\pgffor@skip=\dimen189
\pgffor@stack=\toks29
\pgffor@toks=\toks30
))
(C:\Users\stigm\AppData\Local\Programs\MiKTeX\tex/generic/pgf/frontendlayer/tik
z\tikz.code.tex
Package: tikz 2020/10/01 v3.1.6a (3.1.6a)

(C:\Users\stigm\AppData\Local\Programs\MiKTeX\tex/generic/pgf/libraries\pgflibr
aryplothandlers.code.tex
File: pgflibraryplothandlers.code.tex 2020/10/01 v3.1.6a (3.1.6a)
\pgf@plot@mark@count=\count199
\pgfplotmarksize=\dimen190
)
\tikz@lastx=\dimen191
\tikz@lasty=\dimen192
\tikz@lastxsaved=\dimen193
\tikz@lastysaved=\dimen194
\tikz@lastmovetox=\dimen195
\tikz@lastmovetoy=\dimen196
\tikzleveldistance=\dimen197
\tikzsiblingdistance=\dimen198
\tikz@figbox=\box54
\tikz@figbox@bg=\box55
\tikz@tempbox=\box56
\tikz@tempbox@bg=\box57
\tikztreelevel=\count266
\tikznumberofchildren=\count267
\tikznumberofcurrentchild=\count268
\tikz@fig@count=\count269

(C:\Users\stigm\AppData\Local\Programs\MiKTeX\tex/generic/pgf/modules\pgfmodule
matrix.code.tex
File: pgfmodulematrix.code.tex 2020/10/01 v3.1.6a (3.1.6a)
\pgfmatrixcurrentrow=\count270
\pgfmatrixcurrentcolumn=\count271
\pgf@matrix@numberofcolumns=\count272
)
\tikz@expandcount=\count273

(C:\Users\stigm\AppData\Local\Programs\MiKTeX\tex/generic/pgf/frontendlayer/tik
z/libraries\tikzlibrarytopaths.code.tex
File: tikzlibrarytopaths.code.tex 2020/10/01 v3.1.6a (3.1.6a)
)))
(C:\Users\stigm\AppData\Local\Programs\MiKTeX\tex/latex/everypage\everypage.sty
Package: everypage 2020/10/17 R2.0b Hooks to run on every page

Package everypage Warning: Functionality similar to this package has recently
(everypage)                been implemented in LaTeX. This package is now in
(everypage)                legacy status.
(everypage)                Please, don't use it in new documents and packages.


Package everypage Warning: You appear to be running a version of LaTeX
(everypage)                providing the new functionality.
(everypage)                Doing the best to deliver the original `everypage`
(everypage)                interface on top of it. Strict equivalence is
(everypage)                not possible, breakage may occur.
(everypage)                If truly needed, Use `everypage-1x` to force the
(everypage)                loading of an older code base.

) (C:\Users\stigm\AppData\Local\Programs\MiKTeX\tex/latex/tools\afterpage.sty
Package: afterpage 2014/10/28 v1.08 After-Page Package (DPC)
\AP@output=\toks31
\AP@partial=\box58
\AP@footins=\box59
)) (C:\Users\stigm\AppData\Local\Programs\MiKTeX\tex/latex/titlesec\titlesec.st
y
Package: titlesec 2021/07/05 v2.14 Sectioning titles
\ttl@box=\box60
\beforetitleunit=\skip49
\aftertitleunit=\skip50
\ttl@plus=\dimen199
\ttl@minus=\dimen256
\ttl@toksa=\toks32
\titlewidth=\dimen257
\titlewidthlast=\dimen258
\titlewidthfirst=\dimen259
)
(C:\Users\stigm\AppData\Local\Programs\MiKTeX\tex/latex/l3backend\l3backend-pdf
tex.def
File: l3backend-pdftex.def 2020-09-24 L3 backend support: PDF output (pdfTeX)
\l__kernel_color_stack_int=\count274
\l__pdf_internal_box=\box61
) (0_portfolio.aux)
\openout1 = `0_portfolio.aux'.

LaTeX Font Info:    Checking defaults for OML/cmm/m/it on input line 30.
LaTeX Font Info:    ... okay on input line 30.
LaTeX Font Info:    Checking defaults for OMS/cmsy/m/n on input line 30.
LaTeX Font Info:    ... okay on input line 30.
LaTeX Font Info:    Checking defaults for OT1/cmr/m/n on input line 30.
LaTeX Font Info:    ... okay on input line 30.
LaTeX Font Info:    Checking defaults for T1/cmr/m/n on input line 30.
LaTeX Font Info:    ... okay on input line 30.
LaTeX Font Info:    Checking defaults for TS1/cmr/m/n on input line 30.
LaTeX Font Info:    ... okay on input line 30.
LaTeX Font Info:    Checking defaults for OMX/cmex/m/n on input line 30.
LaTeX Font Info:    ... okay on input line 30.
LaTeX Font Info:    Checking defaults for U/cmr/m/n on input line 30.
LaTeX Font Info:    ... okay on input line 30.

*geometry* driver: auto-detecting
*geometry* detected driver: pdftex
*geometry* verbose mode - [ preamble ] result:
* driver: pdftex
* paper: a3paper
* layout: <same size as paper>
* layoutoffset:(h,v)=(0.0pt,0.0pt)
* modes: landscape 
* h-part:(L,W,R)=(56.9055pt, 1081.20474pt, 56.9055pt)
* v-part:(T,H,B)=(56.9055pt, 731.23584pt, 56.9055pt)
* \paperwidth=1195.01575pt
* \paperheight=845.04684pt
* \textwidth=1081.20474pt
* \textheight=731.23584pt
* \oddsidemargin=-15.36449pt
* \evensidemargin=-15.36449pt
* \topmargin=-52.36449pt
* \headheight=12.0pt
* \headsep=25.0pt
* \topskip=12.0pt
* \footskip=30.0pt
* \marginparwidth=134.0pt
* \marginparsep=10.0pt
* \columnsep=10.0pt
* \skip\footins=10.8pt plus 4.0pt minus 2.0pt
* \hoffset=0.0pt
* \voffset=0.0pt
* \mag=1000
* \@twocolumnfalse
* \@twosidefalse
* \@mparswitchfalse
* \@reversemarginfalse
* (1in=72.27pt=25.4mm, 1cm=28.453pt)


(C:\Users\stigm\AppData\Local\Programs\MiKTeX\tex/context/base/mkii\supp-pdf.mk
ii
[Loading MPS to PDF converter (version 2006.09.02).]
\scratchcounter=\count275
\scratchdimen=\dimen260
\scratchbox=\box62
\nofMPsegments=\count276
\nofMParguments=\count277
\everyMPshowfont=\toks33
\MPscratchCnt=\count278
\MPscratchDim=\dimen261
\MPnumerator=\count279
\makeMPintoPDFobject=\count280
\everyMPtoPDFconversion=\toks34
)
(C:\Users\stigm\AppData\Local\Programs\MiKTeX\tex/latex/epstopdf-pkg\epstopdf-b
ase.sty
Package: epstopdf-base 2020-01-24 v2.11 Base part for package epstopdf
Package epstopdf-base Info: Redefining graphics rule for `.eps' on input line 4
85.
)
LaTeX Font Info:    External font `cmex10' loaded for size
(Font)              <14.4> on input line 39.
LaTeX Font Info:    External font `cmex10' loaded for size
(Font)              <7> on input line 39.
<background_2.jpg, id=4, 462.97969pt x 461.47406pt>
File: background_2.jpg Graphic file (type jpg)
<use background_2.jpg>
Package pdftex.def Info: background_2.jpg  used on input line 40.
(pdftex.def)             Requested size: 1195.27672pt x 845.10889pt.
 [1

{C:/Users/stigm/AppData/Local/MiKTeX/pdftex/config/pdftex.map} <./background_2.
jpg>]
LaTeX Font Info:    Font shape `OT1/cmtt/bx/n' in size <24.88> not available
(Font)              Font shape `OT1/cmtt/m/n' tried instead on input line 47.

Underfull \hbox (badness 10000) in paragraph at lines 47--47
[][]\OT1/cmtt/m/n/24.88 Introduction|
 []

<portfolio1.jpg, id=11, 903.375pt x 903.375pt>
File: portfolio1.jpg Graphic file (type jpg)
<use portfolio1.jpg>
Package pdftex.def Info: portfolio1.jpg  used on input line 57.
(pdftex.def)             Requested size: 227.62204pt x 227.62138pt.
LaTeX Font Info:    External font `cmex10' loaded for size
(Font)              <12> on input line 59.
LaTeX Font Info:    External font `cmex10' loaded for size
(Font)              <8> on input line 59.
LaTeX Font Info:    External font `cmex10' loaded for size
(Font)              <6> on input line 59.
<portfolio2.jpg, id=12, 813.0375pt x 813.0375pt>
File: portfolio2.jpg Graphic file (type jpg)
<use portfolio2.jpg>
Package pdftex.def Info: portfolio2.jpg  used on input line 61.
(pdftex.def)             Requested size: 227.62204pt x 227.61172pt.
<portfolio3.jpg, id=13, 541.27219pt x 541.27219pt>
File: portfolio3.jpg Graphic file (type jpg)
<use portfolio3.jpg>
Package pdftex.def Info: portfolio3.jpg  used on input line 65.
(pdftex.def)             Requested size: 227.62204pt x 227.62183pt.
<portfolio4.jpg, id=14, 573.14125pt x 574.145pt>
File: portfolio4.jpg Graphic file (type jpg)
<use portfolio4.jpg>
Package pdftex.def Info: portfolio4.jpg  used on input line 69.
(pdftex.def)             Requested size: 227.62204pt x 228.02443pt.
<jacks.jpg, id=15, 642.4pt x 642.4pt>
File: jacks.jpg Graphic file (type jpg)
<use jacks.jpg>
Package pdftex.def Info: jacks.jpg  used on input line 75.
(pdftex.def)             Requested size: 227.62204pt x 227.6174pt.
<sketch.jpg, id=16, 642.4pt x 642.4pt>
File: sketch.jpg Graphic file (type jpg)
<use sketch.jpg>
Package pdftex.def Info: sketch.jpg  used on input line 79.
(pdftex.def)             Requested size: 227.62204pt x 227.6174pt.
<pd.jpg, id=17, 481.8pt x 481.8pt>
File: pd.jpg Graphic file (type jpg)
<use pd.jpg>
Package pdftex.def Info: pd.jpg  used on input line 83.
(pdftex.def)             Requested size: 227.62204pt x 227.62228pt.
<proph.jpg, id=18, 602.25pt x 602.25pt>
File: proph.jpg Graphic file (type jpg)
<use proph.jpg>
Package pdftex.def Info: proph.jpg  used on input line 87.
(pdftex.def)             Requested size: 227.62204pt x 227.62596pt.
File: background_2.jpg Graphic file (type jpg)
<use background_2.jpg>
Package pdftex.def Info: background_2.jpg  used on input line 92.
(pdftex.def)             Requested size: 1195.27672pt x 845.10889pt.
[2

 <./portfolio1.jpg> <./portfolio2.jpg> <./portfolio3.jpg> <./portfolio4.jpg> <.
/jacks.jpg> <./sketch.jpg> <./pd.jpg> <./proph.jpg>]
Underfull \hbox (badness 10000) in paragraph at lines 96--96
|\OT1/cmtt/m/n/24.88 Academic Programs|
 []

<electroac1.jpg, id=22, 2273.49374pt x 2274.24657pt>
File: electroac1.jpg Graphic file (type jpg)
<use electroac1.jpg>
Package pdftex.def Info: electroac1.jpg  used on input line 112.
(pdftex.def)             Requested size: 227.62204pt x 227.6809pt.
<info1.jpg, id=23, 584.1825pt x 584.1825pt>
File: info1.jpg Graphic file (type jpg)
<use info1.jpg>
Package pdftex.def Info: info1.jpg  used on input line 116.
(pdftex.def)             Requested size: 227.62204pt x 227.62523pt.
<threestudies1.jpg, id=24, 532.99126pt x 532.99126pt>
File: threestudies1.jpg Graphic file (type jpg)
<use threestudies1.jpg>
Package pdftex.def Info: threestudies1.jpg  used on input line 120.
(pdftex.def)             Requested size: 227.62204pt x 227.62027pt.
<deusex1.jpg, id=25, 376.40625pt x 376.40625pt>
File: deusex1.jpg Graphic file (type jpg)
<use deusex1.jpg>
Package pdftex.def Info: deusex1.jpg  used on input line 124.
(pdftex.def)             Requested size: 227.62204pt x 227.62596pt.
File: background_2.jpg Graphic file (type jpg)
<use background_2.jpg>
Package pdftex.def Info: background_2.jpg  used on input line 141.
(pdftex.def)             Requested size: 1195.27672pt x 845.10889pt.
[3

 <./electroac1.jpg> <./info1.jpg> <./threestudies1.jpg> <./deusex1.jpg>]
Underfull \hbox (badness 10000) in paragraph at lines 145--145
|\OT1/cmtt/m/n/24.88 Music for Films|
 []

<aquadrocover.jpg, id=29, 493.0922pt x 493.0922pt>
File: aquadrocover.jpg Graphic file (type jpg)
<use aquadrocover.jpg>
Package pdftex.def Info: aquadrocover.jpg  used on input line 155.
(pdftex.def)             Requested size: 227.62204pt x 227.6227pt.
<aquadroscene.jpg, id=30, 514.92375pt x 514.92375pt>
File: aquadroscene.jpg Graphic file (type jpg)
<use aquadroscene.jpg>
Package pdftex.def Info: aquadroscene.jpg  used on input line 159.
(pdftex.def)             Requested size: 227.62204pt x 227.62pt.
<frommycover.jpg, id=31, 752.8125pt x 752.8125pt>
File: frommycover.jpg Graphic file (type jpg)
<use frommycover.jpg>
Package pdftex.def Info: frommycover.jpg  used on input line 163.
(pdftex.def)             Requested size: 227.62204pt x 227.62596pt.
<frommyscene.jpg, id=32, 362.85562pt x 362.85562pt>
File: frommyscene.jpg Graphic file (type jpg)
<use frommyscene.jpg>
Package pdftex.def Info: frommyscene.jpg  used on input line 167.
(pdftex.def)             Requested size: 227.62204pt x 227.62578pt.
File: background_2.jpg Graphic file (type jpg)
<use background_2.jpg>
Package pdftex.def Info: background_2.jpg  used on input line 172.
(pdftex.def)             Requested size: 1195.27672pt x 845.10889pt.
[4

 <./aquadrocover.jpg> <./aquadroscene.jpg> <./frommycover.jpg> <./frommyscene.j
pg>]
Underfull \hbox (badness 10000) in paragraph at lines 176--176
|\OT1/cmtt/m/n/24.88 Live Performances|
 []

<live1.jpg, id=36, 722.7pt x 721.69624pt>
File: live1.jpg Graphic file (type jpg)
<use live1.jpg>
Package pdftex.def Info: live1.jpg  used on input line 194.
(pdftex.def)             Requested size: 227.62204pt x 227.30247pt.
<live2.jpg, id=37, 642.4pt x 642.4pt>
File: live2.jpg Graphic file (type jpg)
<use live2.jpg>
Package pdftex.def Info: live2.jpg  used on input line 198.
(pdftex.def)             Requested size: 227.62204pt x 227.6174pt.
<live3.jpg, id=38, 642.4pt x 642.4pt>
File: live3.jpg Graphic file (type jpg)
<use live3.jpg>
Package pdftex.def Info: live3.jpg  used on input line 202.
(pdftex.def)             Requested size: 227.62204pt x 227.6174pt.
<live4.jpg, id=39, 2909.87125pt x 2909.87125pt>
File: live4.jpg Graphic file (type jpg)
<use live4.jpg>
Package pdftex.def Info: live4.jpg  used on input line 206.
(pdftex.def)             Requested size: 227.62204pt x 227.59953pt.
File: background_2.jpg Graphic file (type jpg)
<use background_2.jpg>
Package pdftex.def Info: background_2.jpg  used on input line 211.
(pdftex.def)             Requested size: 1195.27672pt x 845.10889pt.
[5

 <./live1.jpg> <./live2.jpg> <./live3.jpg> <./live4.jpg>]
Underfull \hbox (badness 10000) in paragraph at lines 215--215
|\OT1/cmtt/m/n/24.88 Productions|
 []

<particles.jpg, id=43, 1204.5pt x 1204.5pt>
File: particles.jpg Graphic file (type jpg)
<use particles.jpg>
Package pdftex.def Info: particles.jpg  used on input line 227.
(pdftex.def)             Requested size: 227.62204pt x 227.60759pt.
<otherside.jpg, id=44, 501.875pt x 501.875pt>
File: otherside.jpg Graphic file (type jpg)
<use otherside.jpg>
Package pdftex.def Info: otherside.jpg  used on input line 231.
(pdftex.def)             Requested size: 227.62204pt x 227.62596pt.
<construction.jpg, id=45, 702.625pt x 702.625pt>
File: construction.jpg Graphic file (type jpg)
<use construction.jpg>
Package pdftex.def Info: construction.jpg  used on input line 235.
(pdftex.def)             Requested size: 227.62204pt x 227.62137pt.
<covidnsequenze.jpg, id=46, 1204.5pt x 1204.5pt>
File: covidnsequenze.jpg Graphic file (type jpg)
<use covidnsequenze.jpg>
Package pdftex.def Info: covidnsequenze.jpg  used on input line 239.
(pdftex.def)             Requested size: 227.62204pt x 227.60759pt.
File: background_2.jpg Graphic file (type jpg)
<use background_2.jpg>
Package pdftex.def Info: background_2.jpg  used on input line 244.
(pdftex.def)             Requested size: 1195.27672pt x 845.10889pt.
[6

 <./particles.jpg> <./otherside.jpg> <./construction.jpg> <./covidnsequenze.jpg
>]
Underfull \hbox (badness 10000) in paragraph at lines 248--248
|\OT1/cmtt/m/n/24.88 Skills|
 []

<skills1.jpg, id=50, 417.05812pt x 417.05812pt>
File: skills1.jpg Graphic file (type jpg)
<use skills1.jpg>
Package pdftex.def Info: skills1.jpg  used on input line 278.
(pdftex.def)             Requested size: 227.62204pt x 227.62627pt.
<skills2.jpg, id=51, 453.19313pt x 453.19313pt>
File: skills2.jpg Graphic file (type jpg)
<use skills2.jpg>
Package pdftex.def Info: skills2.jpg  used on input line 282.
(pdftex.def)             Requested size: 227.62204pt x 227.61945pt.
<osc1.jpg, id=52, 476.78125pt x 476.78125pt>
File: osc1.jpg Graphic file (type jpg)
<use osc1.jpg>
Package pdftex.def Info: osc1.jpg  used on input line 286.
(pdftex.def)             Requested size: 227.62204pt x 227.6229pt.
<osc2.jpg, id=53, 471.7625pt x 471.7625pt>
File: osc2.jpg Graphic file (type jpg)
<use osc2.jpg>
Package pdftex.def Info: osc2.jpg  used on input line 290.
(pdftex.def)             Requested size: 227.62204pt x 227.62398pt.
File: background_2.jpg Graphic file (type jpg)
<use background_2.jpg>
Package pdftex.def Info: background_2.jpg  used on input line 295.
(pdftex.def)             Requested size: 1195.27672pt x 845.10889pt.
[7

 <./skills1.jpg> <./skills2.jpg> <./osc1.jpg> <./osc2.jpg>]
Underfull \hbox (badness 10000) in paragraph at lines 299--299
|\OT1/cmtt/m/n/24.88 Researches and other links|
 []

File: background_2.jpg Graphic file (type jpg)
<use background_2.jpg>
Package pdftex.def Info: background_2.jpg  used on input line 317.
(pdftex.def)             Requested size: 1195.27672pt x 845.10889pt.
[8

] (0_portfolio.aux) ) 
Here is how much of TeX's memory you used:
 12924 strings out of 479832
 264782 string characters out of 2871057
 510153 words of memory out of 3000000
 29643 multiletter control sequences out of 15000+200000
 539543 words of font info for 45 fonts, out of 3000000 for 9000
 1141 hyphenation exceptions out of 8191
 99i,12n,109p,454b,861s stack positions out of 5000i,500n,10000p,200000b,50000s
<C:/Users/stigm/AppData/Local/Programs/MiKTeX/fonts/type1/
public/amsfonts/cm/cmr12.pfb><C:/Users/stigm/AppData/Local/Programs/MiKTeX/font
s/type1/public/amsfonts/cm/cmtt12.pfb>
Output written on 0_portfolio.pdf (8 pages, 8344599 bytes).
PDF statistics:
 69 PDF objects out of 1000 (max. 8388607)
 0 named destinations out of 1000 (max. 500000)
 158 words of extra memory for PDF output out of 10000 (max. 10000000)

